<?xml version="1.0" encoding="UTF-8"?>
<testng-results skipped="1" failed="0" total="1" passed="0">
  <reporter-output>
  </reporter-output>
  <suite name="Default suite" duration-ms="58973" started-at="2015-12-30T13:08:54Z" finished-at="2015-12-30T13:09:53Z">
    <groups>
    </groups>
    <test name="Default test" duration-ms="58973" started-at="2015-12-30T13:08:54Z" finished-at="2015-12-30T13:09:53Z">
      <class name="practice.PostYourRequirement">
        <test-method status="FAIL" signature="setUp()[pri:0, instance:practice.PostYourRequirement@45c8e616]" name="setUp" is-config="true" duration-ms="0" started-at="2015-12-30T18:38:55Z" finished-at="2015-12-30T18:38:55Z">
          <exception class="org.openqa.selenium.WebDriverException">
            <message>
              <![CDATA[Failed to connect to binary FirefoxBinary(C:\Program Files (x86)\Mozilla Firefox\firefox.exe) on port 7055; process output follows: 
Program Files (x86)\Mozilla Firefox\browser\extensions\{972ce4c6-7e08-4474-a285-3208198ce6fd}
1451480948750	addons.xpi	DEBUG	Skipping unavailable install location app-system-share
1451480948750	addons.xpi	DEBUG	Skipping unavailable install location app-system-local
1451480948751	addons.xpi	DEBUG	checkForChanges
1451480948753	addons.xpi	DEBUG	Loaded add-on state from prefs: {"app-profile":{"fxdriver@googlecode.com":{"d":"C:\\Users\\CFLAP471\\AppData\\Local\\Temp\\anonymous5009813480000758615webdriver-profile\\extensions\\fxdriver@googlecode.com","e":false,"v":"2.43.1","st":1451480939107,"mt":1451480939039}},"winreg-app-user":{"mozilla_cc@internetdownloadmanager.com":{"d":"C:\\Users\\CFLAP471\\AppData\\Roaming\\IDM\\idmmzcc5","e":false,"v":"7.3.26","st":1446289080292,"mt":1446289080277}},"app-global":{"{972ce4c6-7e08-4474-a285-3208198ce6fd}":{"d":"C:\\Program Files (x86)\\Mozilla Firefox\\browser\\extensions\\{972ce4c6-7e08-4474-a285-3208198ce6fd}","e":true,"v":"43.0.2","st":1451359870784,"mt":1451359870578}}}
1451480948755	addons.xpi	DEBUG	Existing add-on fxdriver@googlecode.com in app-profile
1451480948757	addons.xpi	DEBUG	Existing add-on mozilla_cc@internetdownloadmanager.com in winreg-app-user
1451480948758	addons.xpi	DEBUG	getModTime: Recursive scan of {972ce4c6-7e08-4474-a285-3208198ce6fd}
1451480948761	addons.xpi	DEBUG	Existing add-on {972ce4c6-7e08-4474-a285-3208198ce6fd} in app-global
1451480948762	addons.xpi	DEBUG	getInstallState changed: false, state: {"app-profile":{"fxdriver@googlecode.com":{"d":"C:\\Users\\CFLAP471\\AppData\\Local\\Temp\\anonymous5009813480000758615webdriver-profile\\extensions\\fxdriver@googlecode.com","e":false,"v":"2.43.1","st":1451480939107,"mt":1451480939039}},"winreg-app-user":{"mozilla_cc@internetdownloadmanager.com":{"d":"C:\\Users\\CFLAP471\\AppData\\Roaming\\IDM\\idmmzcc5","e":false,"v":"7.3.26","st":1446289080292,"mt":1446289080277}},"app-global":{"{972ce4c6-7e08-4474-a285-3208198ce6fd}":{"d":"C:\\Program Files (x86)\\Mozilla Firefox\\browser\\extensions\\{972ce4c6-7e08-4474-a285-3208198ce6fd}","e":true,"v":"43.0.2","st":1451359870784,"mt":1451359870578}}}
1451480948767	addons.xpi	DEBUG	No changes found
1451480948785	addons.manager	DEBUG	Registering shutdown blocker for XPIProvider
1451480948787	addons.manager	DEBUG	Provider finished startup: XPIProvider
1451480948787	addons.manager	DEBUG	Starting provider: LightweightThemeManager
1451480948787	addons.manager	DEBUG	Registering shutdown blocker for LightweightThemeManager
1451480948788	addons.manager	DEBUG	Provider finished startup: LightweightThemeManager
1451480948789	addons.manager	DEBUG	Starting provider: GMPProvider
1451480948801	addons.manager	DEBUG	Registering shutdown blocker for GMPProvider
1451480948802	addons.manager	DEBUG	Provider finished startup: GMPProvider
1451480948802	addons.manager	DEBUG	Starting provider: PluginProvider
1451480948802	addons.manager	DEBUG	Registering shutdown blocker for PluginProvider
1451480948804	addons.manager	DEBUG	Provider finished startup: PluginProvider
1451480948805	addons.manager	DEBUG	Completed startup sequence
1451480948998	addons.xpi-utils	DEBUG	Starting async load of XPI database C:\Users\CFLAP471\AppData\Local\Temp\anonymous5009813480000758615webdriver-profile\extensions.json
*** Blocklist::_loadBlocklistFromFile: blocklist is disabled
1451480949295	addons.manager	DEBUG	Starting provider: <unnamed-provider>
1451480949295	addons.manager	DEBUG	Registering shutdown blocker for <unnamed-provider>
1451480949296	addons.manager	DEBUG	Provider finished startup: <unnamed-provider>
1451480949619	addons.xpi-utils	DEBUG	Async JSON file read took 0 MS
1451480949619	addons.xpi-utils	DEBUG	Finished async read of XPI database, parsing...
1451480949624	addons.xpi-utils	DEBUG	Successfully read XPI database
1451480949875	addons.manager	DEBUG	Starting provider: PreviousExperimentProvider
1451480949876	addons.manager	DEBUG	Registering shutdown blocker for PreviousExperimentProvider
1451480949877	addons.manager	DEBUG	Provider finished startup: PreviousExperimentProvider

Build info: version: '2.43.1', revision: '5163bce', time: '2014-09-10 16:27:33'
System info: host: 'CFLAP0471', ip: '172.16.8.32', os.name: 'Windows 8.1', os.arch: 'amd64', os.version: '6.3', java.version: '1.8.0_66'
Driver info: driver.version: FirefoxDriver]]>
            </message>
            <full-stacktrace>
              <![CDATA[org.openqa.selenium.WebDriverException: Failed to connect to binary FirefoxBinary(C:\Program Files (x86)\Mozilla Firefox\firefox.exe) on port 7055; process output follows: 
Program Files (x86)\Mozilla Firefox\browser\extensions\{972ce4c6-7e08-4474-a285-3208198ce6fd}
1451480948750	addons.xpi	DEBUG	Skipping unavailable install location app-system-share
1451480948750	addons.xpi	DEBUG	Skipping unavailable install location app-system-local
1451480948751	addons.xpi	DEBUG	checkForChanges
1451480948753	addons.xpi	DEBUG	Loaded add-on state from prefs: {"app-profile":{"fxdriver@googlecode.com":{"d":"C:\\Users\\CFLAP471\\AppData\\Local\\Temp\\anonymous5009813480000758615webdriver-profile\\extensions\\fxdriver@googlecode.com","e":false,"v":"2.43.1","st":1451480939107,"mt":1451480939039}},"winreg-app-user":{"mozilla_cc@internetdownloadmanager.com":{"d":"C:\\Users\\CFLAP471\\AppData\\Roaming\\IDM\\idmmzcc5","e":false,"v":"7.3.26","st":1446289080292,"mt":1446289080277}},"app-global":{"{972ce4c6-7e08-4474-a285-3208198ce6fd}":{"d":"C:\\Program Files (x86)\\Mozilla Firefox\\browser\\extensions\\{972ce4c6-7e08-4474-a285-3208198ce6fd}","e":true,"v":"43.0.2","st":1451359870784,"mt":1451359870578}}}
1451480948755	addons.xpi	DEBUG	Existing add-on fxdriver@googlecode.com in app-profile
1451480948757	addons.xpi	DEBUG	Existing add-on mozilla_cc@internetdownloadmanager.com in winreg-app-user
1451480948758	addons.xpi	DEBUG	getModTime: Recursive scan of {972ce4c6-7e08-4474-a285-3208198ce6fd}
1451480948761	addons.xpi	DEBUG	Existing add-on {972ce4c6-7e08-4474-a285-3208198ce6fd} in app-global
1451480948762	addons.xpi	DEBUG	getInstallState changed: false, state: {"app-profile":{"fxdriver@googlecode.com":{"d":"C:\\Users\\CFLAP471\\AppData\\Local\\Temp\\anonymous5009813480000758615webdriver-profile\\extensions\\fxdriver@googlecode.com","e":false,"v":"2.43.1","st":1451480939107,"mt":1451480939039}},"winreg-app-user":{"mozilla_cc@internetdownloadmanager.com":{"d":"C:\\Users\\CFLAP471\\AppData\\Roaming\\IDM\\idmmzcc5","e":false,"v":"7.3.26","st":1446289080292,"mt":1446289080277}},"app-global":{"{972ce4c6-7e08-4474-a285-3208198ce6fd}":{"d":"C:\\Program Files (x86)\\Mozilla Firefox\\browser\\extensions\\{972ce4c6-7e08-4474-a285-3208198ce6fd}","e":true,"v":"43.0.2","st":1451359870784,"mt":1451359870578}}}
1451480948767	addons.xpi	DEBUG	No changes found
1451480948785	addons.manager	DEBUG	Registering shutdown blocker for XPIProvider
1451480948787	addons.manager	DEBUG	Provider finished startup: XPIProvider
1451480948787	addons.manager	DEBUG	Starting provider: LightweightThemeManager
1451480948787	addons.manager	DEBUG	Registering shutdown blocker for LightweightThemeManager
1451480948788	addons.manager	DEBUG	Provider finished startup: LightweightThemeManager
1451480948789	addons.manager	DEBUG	Starting provider: GMPProvider
1451480948801	addons.manager	DEBUG	Registering shutdown blocker for GMPProvider
1451480948802	addons.manager	DEBUG	Provider finished startup: GMPProvider
1451480948802	addons.manager	DEBUG	Starting provider: PluginProvider
1451480948802	addons.manager	DEBUG	Registering shutdown blocker for PluginProvider
1451480948804	addons.manager	DEBUG	Provider finished startup: PluginProvider
1451480948805	addons.manager	DEBUG	Completed startup sequence
1451480948998	addons.xpi-utils	DEBUG	Starting async load of XPI database C:\Users\CFLAP471\AppData\Local\Temp\anonymous5009813480000758615webdriver-profile\extensions.json
*** Blocklist::_loadBlocklistFromFile: blocklist is disabled
1451480949295	addons.manager	DEBUG	Starting provider: <unnamed-provider>
1451480949295	addons.manager	DEBUG	Registering shutdown blocker for <unnamed-provider>
1451480949296	addons.manager	DEBUG	Provider finished startup: <unnamed-provider>
1451480949619	addons.xpi-utils	DEBUG	Async JSON file read took 0 MS
1451480949619	addons.xpi-utils	DEBUG	Finished async read of XPI database, parsing...
1451480949624	addons.xpi-utils	DEBUG	Successfully read XPI database
1451480949875	addons.manager	DEBUG	Starting provider: PreviousExperimentProvider
1451480949876	addons.manager	DEBUG	Registering shutdown blocker for PreviousExperimentProvider
1451480949877	addons.manager	DEBUG	Provider finished startup: PreviousExperimentProvider

Build info: version: '2.43.1', revision: '5163bce', time: '2014-09-10 16:27:33'
System info: host: 'CFLAP0471', ip: '172.16.8.32', os.name: 'Windows 8.1', os.arch: 'amd64', os.version: '6.3', java.version: '1.8.0_66'
Driver info: driver.version: FirefoxDriver
	at org.openqa.selenium.firefox.internal.NewProfileExtensionConnection.start(NewProfileExtensionConnection.java:130)
	at org.openqa.selenium.firefox.FirefoxDriver.startClient(FirefoxDriver.java:246)
	at org.openqa.selenium.remote.RemoteWebDriver.<init>(RemoteWebDriver.java:114)
	at org.openqa.selenium.firefox.FirefoxDriver.<init>(FirefoxDriver.java:193)
	at org.openqa.selenium.firefox.FirefoxDriver.<init>(FirefoxDriver.java:186)
	at org.openqa.selenium.firefox.FirefoxDriver.<init>(FirefoxDriver.java:182)
	at org.openqa.selenium.firefox.FirefoxDriver.<init>(FirefoxDriver.java:95)
	at practice.PostYourRequirement.setUp(PostYourRequirement.java:20)
	at sun.reflect.NativeMethodAccessorImpl.invoke0(Native Method)
	at sun.reflect.NativeMethodAccessorImpl.invoke(Unknown Source)
	at sun.reflect.DelegatingMethodAccessorImpl.invoke(Unknown Source)
	at java.lang.reflect.Method.invoke(Unknown Source)
	at org.testng.internal.MethodInvocationHelper.invokeMethod(MethodInvocationHelper.java:84)
	at org.testng.internal.Invoker.invokeConfigurationMethod(Invoker.java:564)
	at org.testng.internal.Invoker.invokeConfigurations(Invoker.java:213)
	at org.testng.internal.Invoker.invokeMethod(Invoker.java:653)
	at org.testng.internal.Invoker.invokeTestMethod(Invoker.java:901)
	at org.testng.internal.Invoker.invokeTestMethods(Invoker.java:1231)
	at org.testng.internal.TestMethodWorker.invokeTestMethods(TestMethodWorker.java:127)
	at org.testng.internal.TestMethodWorker.run(TestMethodWorker.java:111)
	at org.testng.TestRunner.privateRun(TestRunner.java:767)
	at org.testng.TestRunner.run(TestRunner.java:617)
	at org.testng.SuiteRunner.runTest(SuiteRunner.java:334)
	at org.testng.SuiteRunner.runSequentially(SuiteRunner.java:329)
	at org.testng.SuiteRunner.privateRun(SuiteRunner.java:291)
	at org.testng.SuiteRunner.run(SuiteRunner.java:240)
	at org.testng.SuiteRunnerWorker.runSuite(SuiteRunnerWorker.java:52)
	at org.testng.SuiteRunnerWorker.run(SuiteRunnerWorker.java:86)
	at org.testng.TestNG.runSuitesSequentially(TestNG.java:1224)
	at org.testng.TestNG.runSuitesLocally(TestNG.java:1149)
	at org.testng.TestNG.run(TestNG.java:1057)
	at org.testng.remote.RemoteTestNG.run(RemoteTestNG.java:111)
	at org.testng.remote.RemoteTestNG.initAndRun(RemoteTestNG.java:204)
	at org.testng.remote.RemoteTestNG.main(RemoteTestNG.java:175)
Caused by: org.openqa.selenium.firefox.NotConnectedException: Unable to connect to host 127.0.0.1 on port 7055 after 45000 ms. Firefox console output:
Program Files (x86)\Mozilla Firefox\browser\extensions\{972ce4c6-7e08-4474-a285-3208198ce6fd}
1451480948750	addons.xpi	DEBUG	Skipping unavailable install location app-system-share
1451480948750	addons.xpi	DEBUG	Skipping unavailable install location app-system-local
1451480948751	addons.xpi	DEBUG	checkForChanges
1451480948753	addons.xpi	DEBUG	Loaded add-on state from prefs: {"app-profile":{"fxdriver@googlecode.com":{"d":"C:\\Users\\CFLAP471\\AppData\\Local\\Temp\\anonymous5009813480000758615webdriver-profile\\extensions\\fxdriver@googlecode.com","e":false,"v":"2.43.1","st":1451480939107,"mt":1451480939039}},"winreg-app-user":{"mozilla_cc@internetdownloadmanager.com":{"d":"C:\\Users\\CFLAP471\\AppData\\Roaming\\IDM\\idmmzcc5","e":false,"v":"7.3.26","st":1446289080292,"mt":1446289080277}},"app-global":{"{972ce4c6-7e08-4474-a285-3208198ce6fd}":{"d":"C:\\Program Files (x86)\\Mozilla Firefox\\browser\\extensions\\{972ce4c6-7e08-4474-a285-3208198ce6fd}","e":true,"v":"43.0.2","st":1451359870784,"mt":1451359870578}}}
1451480948755	addons.xpi	DEBUG	Existing add-on fxdriver@googlecode.com in app-profile
1451480948757	addons.xpi	DEBUG	Existing add-on mozilla_cc@internetdownloadmanager.com in winreg-app-user
1451480948758	addons.xpi	DEBUG	getModTime: Recursive scan of {972ce4c6-7e08-4474-a285-3208198ce6fd}
1451480948761	addons.xpi	DEBUG	Existing add-on {972ce4c6-7e08-4474-a285-3208198ce6fd} in app-global
1451480948762	addons.xpi	DEBUG	getInstallState changed: false, state: {"app-profile":{"fxdriver@googlecode.com":{"d":"C:\\Users\\CFLAP471\\AppData\\Local\\Temp\\anonymous5009813480000758615webdriver-profile\\extensions\\fxdriver@googlecode.com","e":false,"v":"2.43.1","st":1451480939107,"mt":1451480939039}},"winreg-app-user":{"mozilla_cc@internetdownloadmanager.com":{"d":"C:\\Users\\CFLAP471\\AppData\\Roaming\\IDM\\idmmzcc5","e":false,"v":"7.3.26","st":1446289080292,"mt":1446289080277}},"app-global":{"{972ce4c6-7e08-4474-a285-3208198ce6fd}":{"d":"C:\\Program Files (x86)\\Mozilla Firefox\\browser\\extensions\\{972ce4c6-7e08-4474-a285-3208198ce6fd}","e":true,"v":"43.0.2","st":1451359870784,"mt":1451359870578}}}
1451480948767	addons.xpi	DEBUG	No changes found
1451480948785	addons.manager	DEBUG	Registering shutdown blocker for XPIProvider
1451480948787	addons.manager	DEBUG	Provider finished startup: XPIProvider
1451480948787	addons.manager	DEBUG	Starting provider: LightweightThemeManager
1451480948787	addons.manager	DEBUG	Registering shutdown blocker for LightweightThemeManager
1451480948788	addons.manager	DEBUG	Provider finished startup: LightweightThemeManager
1451480948789	addons.manager	DEBUG	Starting provider: GMPProvider
1451480948801	addons.manager	DEBUG	Registering shutdown blocker for GMPProvider
1451480948802	addons.manager	DEBUG	Provider finished startup: GMPProvider
1451480948802	addons.manager	DEBUG	Starting provider: PluginProvider
1451480948802	addons.manager	DEBUG	Registering shutdown blocker for PluginProvider
1451480948804	addons.manager	DEBUG	Provider finished startup: PluginProvider
1451480948805	addons.manager	DEBUG	Completed startup sequence
1451480948998	addons.xpi-utils	DEBUG	Starting async load of XPI database C:\Users\CFLAP471\AppData\Local\Temp\anonymous5009813480000758615webdriver-profile\extensions.json
*** Blocklist::_loadBlocklistFromFile: blocklist is disabled
1451480949295	addons.manager	DEBUG	Starting provider: <unnamed-provider>
1451480949295	addons.manager	DEBUG	Registering shutdown blocker for <unnamed-provider>
1451480949296	addons.manager	DEBUG	Provider finished startup: <unnamed-provider>
1451480949619	addons.xpi-utils	DEBUG	Async JSON file read took 0 MS
1451480949619	addons.xpi-utils	DEBUG	Finished async read of XPI database, parsing...
1451480949624	addons.xpi-utils	DEBUG	Successfully read XPI database
1451480949875	addons.manager	DEBUG	Starting provider: PreviousExperimentProvider
1451480949876	addons.manager	DEBUG	Registering shutdown blocker for PreviousExperimentProvider
1451480949877	addons.manager	DEBUG	Provider finished startup: PreviousExperimentProvider

	at org.openqa.selenium.firefox.internal.NewProfileExtensionConnection.start(NewProfileExtensionConnection.java:118)
	... 33 more
]]>
            </full-stacktrace>
          </exception> <!-- org.openqa.selenium.WebDriverException -->
          <reporter-output>
          </reporter-output>
        </test-method> <!-- setUp -->
        <test-method status="SKIP" signature="testPost()[pri:0, instance:practice.PostYourRequirement@45c8e616]" name="testPost" duration-ms="24" started-at="2015-12-30T18:39:53Z" finished-at="2015-12-30T18:39:53Z">
          <reporter-output>
          </reporter-output>
        </test-method> <!-- testPost -->
        <test-method status="FAIL" signature="tearDown()[pri:0, instance:practice.PostYourRequirement@45c8e616]" name="tearDown" is-config="true" duration-ms="0" started-at="2015-12-30T18:39:53Z" finished-at="2015-12-30T18:39:53Z">
          <exception class="java.lang.NullPointerException">
            <full-stacktrace>
              <![CDATA[java.lang.NullPointerException
	at practice.PostYourRequirement.tearDown(PostYourRequirement.java:60)
	at sun.reflect.NativeMethodAccessorImpl.invoke0(Native Method)
	at sun.reflect.NativeMethodAccessorImpl.invoke(Unknown Source)
	at sun.reflect.DelegatingMethodAccessorImpl.invoke(Unknown Source)
	at java.lang.reflect.Method.invoke(Unknown Source)
	at org.testng.internal.MethodInvocationHelper.invokeMethod(MethodInvocationHelper.java:84)
	at org.testng.internal.Invoker.invokeConfigurationMethod(Invoker.java:564)
	at org.testng.internal.Invoker.invokeConfigurations(Invoker.java:213)
	at org.testng.internal.Invoker.invokeMethod(Invoker.java:786)
	at org.testng.internal.Invoker.invokeTestMethod(Invoker.java:901)
	at org.testng.internal.Invoker.invokeTestMethods(Invoker.java:1231)
	at org.testng.internal.TestMethodWorker.invokeTestMethods(TestMethodWorker.java:127)
	at org.testng.internal.TestMethodWorker.run(TestMethodWorker.java:111)
	at org.testng.TestRunner.privateRun(TestRunner.java:767)
	at org.testng.TestRunner.run(TestRunner.java:617)
	at org.testng.SuiteRunner.runTest(SuiteRunner.java:334)
	at org.testng.SuiteRunner.runSequentially(SuiteRunner.java:329)
	at org.testng.SuiteRunner.privateRun(SuiteRunner.java:291)
	at org.testng.SuiteRunner.run(SuiteRunner.java:240)
	at org.testng.SuiteRunnerWorker.runSuite(SuiteRunnerWorker.java:52)
	at org.testng.SuiteRunnerWorker.run(SuiteRunnerWorker.java:86)
	at org.testng.TestNG.runSuitesSequentially(TestNG.java:1224)
	at org.testng.TestNG.runSuitesLocally(TestNG.java:1149)
	at org.testng.TestNG.run(TestNG.java:1057)
	at org.testng.remote.RemoteTestNG.run(RemoteTestNG.java:111)
	at org.testng.remote.RemoteTestNG.initAndRun(RemoteTestNG.java:204)
	at org.testng.remote.RemoteTestNG.main(RemoteTestNG.java:175)
]]>
            </full-stacktrace>
          </exception> <!-- java.lang.NullPointerException -->
          <reporter-output>
          </reporter-output>
        </test-method> <!-- tearDown -->
      </class> <!-- practice.PostYourRequirement -->
    </test> <!-- Default test -->
  </suite> <!-- Default suite -->
</testng-results>
